[0.033s] Invoking command in '/home/joe/Documents/projects/ros_ws/src/lidar_pkg/build/lidar_pkg': CMAKE_PREFIX_PATH=${CMAKE_PREFIX_PATH}:/opt/ros/foxy CONDA_PROMPT_MODIFIER=(base) /usr/bin/cmake --build /home/joe/Documents/projects/ros_ws/src/lidar_pkg/build/lidar_pkg -- -j8 -l8
[0.067s] -- Found ament_cmake: 0.9.9 (/opt/ros/foxy/share/ament_cmake/cmake)
[0.089s] -- Using PYTHON_EXECUTABLE: /home/joe/anaconda3/bin/python3
[0.283s] -- Found ament_lint_auto: 0.9.6 (/opt/ros/foxy/share/ament_lint_auto/cmake)
[0.353s] -- Added test 'copyright' to check source files copyright and LICENSE
[0.361s] -- Added test 'cppcheck' to perform static code analysis on C / C++ code
[0.361s] -- Configured cppcheck include dirs: $<BUILD_INTERFACE:/home/joe/Documents/projects/ros_ws/src/lidar_pkg/include>
[0.361s] -- Configured cppcheck exclude dirs and/or files: 
[0.368s] -- Added test 'cpplint' to check C / C++ code against the Google style
[0.368s] -- Configured cpplint exclude dirs and/or files: 
[0.369s] -- Added test 'flake8' to check Python code syntax and style conventions
[0.371s] -- Added test 'lint_cmake' to check CMake code style
[0.373s] -- Added test 'pep257' to check Python code against some of the style conventions in PEP 257
[0.379s] -- Added test 'uncrustify' to check C / C++ code style
[0.379s] -- Configured uncrustify additional arguments: 
[0.380s] -- Added test 'xmllint' to check XML markup files
[0.385s] -- Found rclcpp: 2.4.0 (/opt/ros/foxy/share/rclcpp/cmake)
[0.447s] -- Using all available rosidl_typesupport_c: rosidl_typesupport_fastrtps_c;rosidl_typesupport_introspection_c
[0.457s] -- Found rosidl_adapter: 1.2.1 (/opt/ros/foxy/share/rosidl_adapter/cmake)
[0.551s] -- Found OpenSSL: /usr/lib/x86_64-linux-gnu/libcrypto.so (found version "1.1.1f")  
[0.587s] -- Found FastRTPS: /opt/ros/foxy/include  
[0.679s] -- Using all available rosidl_typesupport_cpp: rosidl_typesupport_fastrtps_cpp;rosidl_typesupport_introspection_cpp
[0.750s] -- Found rmw_implementation_cmake: 1.0.3 (/opt/ros/foxy/share/rmw_implementation_cmake/cmake)
[0.753s] -- Using RMW implementation 'rmw_fastrtps_cpp' as default
[0.755s] -- Looking for pthread.h
[0.837s] -- Looking for pthread.h - found
[0.837s] -- Performing Test CMAKE_HAVE_LIBC_PTHREAD
[0.919s] -- Performing Test CMAKE_HAVE_LIBC_PTHREAD - Failed
[0.920s] -- Looking for pthread_create in pthreads
[0.993s] -- Looking for pthread_create in pthreads - not found
[0.993s] -- Looking for pthread_create in pthread
[1.077s] -- Looking for pthread_create in pthread - found
[1.079s] -- Found Threads: TRUE  
[1.275s] -- Found sensor_msgs: 2.0.4 (/opt/ros/foxy/share/sensor_msgs/cmake)
[1.407s] -- Eigen found (include: /usr/include/eigen3, version: 3.3.7)
[1.496s] -- The imported target "vtkParseOGLExt" references the file
[1.496s]    "/usr/bin/vtkParseOGLExt-7.1"
[1.496s] but this file does not exist.  Possible reasons include:
[1.496s] * The file was deleted, renamed, or moved to another location.
[1.496s] * An install or uninstall procedure did not complete successfully.
[1.496s] * The installation package was faulty and contained
[1.497s]    "/usr/lib/cmake/vtk-7.1/VTKTargets.cmake"
[1.497s] but not all the files it references.
[1.497s] 
[1.497s] -- The imported target "vtkRenderingPythonTkWidgets" references the file
[1.497s]    "/usr/lib/x86_64-linux-gnu/libvtkRenderingPythonTkWidgets.so"
[1.498s] but this file does not exist.  Possible reasons include:
[1.498s] * The file was deleted, renamed, or moved to another location.
[1.498s] * An install or uninstall procedure did not complete successfully.
[1.498s] * The installation package was faulty and contained
[1.498s]    "/usr/lib/cmake/vtk-7.1/VTKTargets.cmake"
[1.498s] but not all the files it references.
[1.498s] 
[1.499s] -- The imported target "vtk" references the file
[1.499s]    "/usr/bin/vtk"
[1.499s] but this file does not exist.  Possible reasons include:
[1.499s] * The file was deleted, renamed, or moved to another location.
[1.499s] * An install or uninstall procedure did not complete successfully.
[1.499s] * The installation package was faulty and contained
[1.500s]    "/usr/lib/cmake/vtk-7.1/VTKTargets.cmake"
[1.500s] but not all the files it references.
[1.500s] 
[1.500s] -- The imported target "pvtk" references the file
[1.500s]    "/usr/bin/pvtk"
[1.500s] but this file does not exist.  Possible reasons include:
[1.501s] * The file was deleted, renamed, or moved to another location.
[1.501s] * An install or uninstall procedure did not complete successfully.
[1.501s] * The installation package was faulty and contained
[1.501s]    "/usr/lib/cmake/vtk-7.1/VTKTargets.cmake"
[1.501s] but not all the files it references.
[1.501s] 
[1.522s] -- OpenNI found (include: /usr/include/ni, lib: /usr/lib/libOpenNI.so)
[1.530s] -- OpenNI2 found (include: /usr/include/openni2, lib: /usr/lib/libOpenNI2.so)
[1.530s] ** WARNING ** io features related to pcap will be disabled
[1.531s] ** WARNING ** io features related to png will be disabled
[1.545s] ** WARNING ** io features related to libusb-1.0 will be disabled
[1.553s] -- OpenNI found (include: /usr/include/ni, lib: /usr/lib/libOpenNI.so)
[1.560s] -- OpenNI2 found (include: /usr/include/openni2, lib: /usr/lib/libOpenNI2.so)
[1.574s] -- QHULL found (include: /usr/include, lib: optimized;/usr/lib/x86_64-linux-gnu/libqhull.so;debug;/usr/lib/x86_64-linux-gnu/libqhull.so)
[1.581s] -- OpenNI found (include: /usr/include/ni, lib: /usr/lib/libOpenNI.so)
[1.593s] -- looking for PCL_COMMON
[1.594s] -- looking for PCL_KDTREE
[1.594s] -- looking for PCL_OCTREE
[1.595s] -- looking for PCL_SEARCH
[1.596s] -- looking for PCL_SAMPLE_CONSENSUS
[1.597s] -- looking for PCL_FILTERS
[1.598s] -- looking for PCL_2D
[1.598s] -- looking for PCL_GEOMETRY
[1.599s] -- looking for PCL_IO
[1.600s] -- looking for PCL_FEATURES
[1.600s] -- looking for PCL_ML
[1.601s] -- looking for PCL_SEGMENTATION
[1.602s] -- looking for PCL_VISUALIZATION
[1.603s] -- looking for PCL_SURFACE
[1.604s] -- looking for PCL_REGISTRATION
[1.605s] -- looking for PCL_KEYPOINTS
[1.606s] -- looking for PCL_TRACKING
[1.607s] -- looking for PCL_RECOGNITION
[1.608s] -- looking for PCL_STEREO
[1.608s] -- looking for PCL_APPS
[1.610s] -- looking for PCL_IN_HAND_SCANNER
[1.610s] -- looking for PCL_POINT_CLOUD_EDITOR
[1.611s] -- looking for PCL_OUTOFCORE
[1.612s] -- looking for PCL_PEOPLE
[1.616s] -- Configuring done
[1.643s] -- Generating done
[1.645s] -- Build files have been written to: /home/joe/Documents/projects/ros_ws/src/lidar_pkg/build/lidar_pkg
[1.676s] [35m[1mScanning dependencies of target lidar[0m
[1.695s] [ 50%] [32mBuilding CXX object CMakeFiles/lidar.dir/src/lidar.cpp.o[0m
[1.705s] [01m[K/home/joe/Documents/projects/ros_ws/src/lidar_pkg/src/lidar.cpp:1:10:[m[K [01;31m[Kfatal error: [m[Krclcpp/rclcpp.h: No such file or directory
[1.705s]     1 | #include [01;31m[K<rclcpp/rclcpp.h>[m[K
[1.705s]       |          [01;31m[K^~~~~~~~~~~~~~~~~[m[K
[1.705s] compilation terminated.
[1.706s] make[2]: *** [CMakeFiles/lidar.dir/build.make:63: CMakeFiles/lidar.dir/src/lidar.cpp.o] Error 1
[1.706s] make[1]: *** [CMakeFiles/Makefile2:78: CMakeFiles/lidar.dir/all] Error 2
[1.706s] make: *** [Makefile:141: all] Error 2
[1.709s] Invoked command in '/home/joe/Documents/projects/ros_ws/src/lidar_pkg/build/lidar_pkg' returned '2': CMAKE_PREFIX_PATH=${CMAKE_PREFIX_PATH}:/opt/ros/foxy CONDA_PROMPT_MODIFIER=(base) /usr/bin/cmake --build /home/joe/Documents/projects/ros_ws/src/lidar_pkg/build/lidar_pkg -- -j8 -l8
